<?xml version="1.0" encoding="utf-8"?><testsuites><testsuite name="pytest" errors="0" failures="0" skipped="0" tests="964" time="199.344" timestamp="2026-09-26T11:51:58.273374+05:30" hostname="LAPTOP-PIRC49MK"><testcase classname="backend.tests.test_500_test_mapping" name="test_test_500_ledger_exists_and_has_exact_500_rows" time="0.040" /><testcase classname="backend.tests.test_500_test_mapping" name="test_twenty_domains_each_have_twenty_five_tests" time="0.011" /><testcase classname="backend.tests.test_500_test_mapping" name="test_unique_test_ids_and_format" time="0.014" /><testcase classname="backend.tests.test_500_test_mapping" name="test_valid_outcomes_only" time="0.010" /><testcase classname="backend.tests.test_500_test_mapping" name="test_domain_vert_honestly_uncovered" time="0.011" /><testcase classname="backend.tests.test_500_test_mapping" name="test_mapped_tests_exist_on_disk" time="0.018" /><testcase classname="backend.tests.test_500_test_mapping" name="test_separation_of_discovered_vs_specified" time="0.045" /><testcase classname="backend.tests.test_500_test_mapping" name="test_verify_test_ledger_cli" time="0.971" /><testcase classname="backend.tests.test_500_test_mapping" name="test_summary_documentation_exists_and_in_sync" time="0.025" /><testcase classname="backend.tests.test_agent" name="test_agent_unavailable_state_default" time="0.011" /><testcase classname="backend.tests.test_agent" name="test_agent_full_pipeline_mock_injection" time="0.003" /><testcase classname="backend.tests.test_agent" name="test_agent_weather_unavailable_short_circuits_pipeline" time="0.011" /><testcase classname="backend.tests.test_agent" name="test_agent_feature_unavailable_short_circuits_pipeline" time="0.013" /><testcase classname="backend.tests.test_agent" name="test_agent_model_unavailable_abstains_safely" time="0.010" /><testcase classname="backend.tests.test_agent" name="test_agent_qc_failed_weather_reason_code" time="0.005" /><testcase classname="backend.tests.test_agent" name="test_agent_exception_resilience" time="0.017" /><testcase classname="backend.tests.test_agent" name="test_agent_risk_level_thresholds" time="0.001" /><testcase classname="backend.tests.test_agent" name="test_safety_evaluator_network_error_precedence_over_qc_failed" time="0.001" /><testcase classname="backend.tests.test_agent" name="test_safety_evaluator_genuine_qc_failure_produces_qc_failed" time="0.001" /><testcase classname="backend.tests.test_agent" name="test_safety_evaluator_invalid_location_produces_invalid_location" time="0.002" /><testcase classname="backend.tests.test_agent" name="test_single_target_and_timeline_safety_parity_under_network_failure" time="0.021" /><testcase classname="backend.tests.test_api_contract" name="test_health_endpoint_contract" time="0.206" /><testcase classname="backend.tests.test_api_contract" name="test_hazard_trajectory_endpoint_contract" time="0.027" /><testcase classname="backend.tests.test_api_contract" name="test_hazard_motifs_endpoint_contract" time="0.025" /><testcase classname="backend.tests.test_api_contract" name="test_hazard_episodes_endpoint_contract" time="0.021" /><testcase classname="backend.tests.test_api_contract" name="test_api_input_validation_contract" time="0.023" /><testcase classname="backend.tests.test_builder2_integration" name="test_canonical_26_feature_contract" time="0.003" /><testcase classname="backend.tests.test_builder2_integration" name="test_feature_pipeline_nan_preservation_for_missing_cycles" time="0.210" /><testcase classname="backend.tests.test_builder2_integration" name="test_feature_adapter_build_features_success" time="0.116" /><testcase classname="backend.tests.test_builder2_integration" name="test_feature_adapter_weather_unavailable" time="0.001" /><testcase classname="backend.tests.test_builder2_integration" name="test_model_adapter_unconfigured_fails_safely" time="0.001" /><testcase classname="backend.tests.test_builder2_integration" name="test_model_adapter_loaded_prediction_bounds_and_determinism" time="0.060" /><testcase classname="backend.tests.test_builder2_integration" name="test_model_adapter_numerical_parity_with_builder2_service" time="0.071" /><testcase classname="backend.tests.test_builder2_integration" name="test_forecast_bust_agent_end_to_end_with_builder2" time="0.168" /><testcase classname="backend.tests.test_builder2_integration" name="test_agent_weather_failure_abstains_without_calling_model" time="0.004" /><testcase classname="backend.tests.test_builder2_integration" name="test_agent_missing_model_artifacts_abstains_without_hallucinating" time="0.106" /><testcase classname="backend.tests.test_builder2_integration" name="test_day7_instability_metadata_does_not_alter_prediction" time="0.213" /><testcase classname="backend.tests.test_builder_parity" name="test_builder_parity_certified_payload" time="0.002" /><testcase classname="backend.tests.test_builder_parity" name="test_builder_parity_abstained_payload" time="0.001" /><testcase classname="backend.tests.test_builder_parity" name="test_builder_parity_rejects_fake_defaults_on_abstention" time="0.001" /><testcase classname="backend.tests.test_builder_parity" name="test_builder_parity_rejects_missing_fields" time="0.001" /><testcase classname="backend.tests.test_bust_labeling" name="test_fixed_threshold_policy_temperature" time="0.005" /><testcase classname="backend.tests.test_bust_labeling" name="test_fixed_threshold_policy_pressure_and_wind" time="0.001" /><testcase classname="backend.tests.test_bust_labeling" name="test_quantile_bust_policy_fitting" time="0.010" /><testcase classname="backend.tests.test_bust_labeling" name="test_quantile_bust_policy_fallback" time="0.001" /><testcase classname="backend.tests.test_bust_labeling" name="test_quantile_policy_invalid_quantile_raises" time="0.001" /><testcase classname="backend.tests.test_claim_boundaries" name="test_only_v3_benchmark_has_certification" time="0.003" /><testcase classname="backend.tests.test_claim_boundaries" name="test_specialists_cannot_claim_certification" time="0.005" /><testcase classname="backend.tests.test_claim_boundaries" name="test_explanation_non_causal_enforcement" time="0.010" /><testcase classname="backend.tests.test_common_mode_failure" name="test_common_mode_detection_positive" time="0.032" /><testcase classname="backend.tests.test_common_mode_failure" name="test_common_mode_detection_negative_isolated" time="0.002" /><testcase classname="backend.tests.test_common_mode_failure" name="test_common_mode_indicator_types" time="0.004" /><testcase classname="backend.tests.test_common_mode_failure" name="test_common_mode_ablation_comparison" time="0.005" /><testcase classname="backend.tests.test_compound_hazards" name="test_compound_hazard_copula_bounds" time="0.007" /><testcase classname="backend.tests.test_compound_hazards" name="test_compound_hazard_no_probability_averaging" time="0.001" /><testcase classname="backend.tests.test_compound_hazards" name="test_compound_hazard_flood_decoupling_invariant" time="0.001" /><testcase classname="backend.tests.test_compound_hazards" name="test_compound_hazard_flood_claim_rejection" time="0.006" /><testcase classname="backend.tests.test_conditional_calibration" name="test_conformal_marginal_coverage" time="0.269" /><testcase classname="backend.tests.test_conditional_calibration" name="test_universal_conditional_coverage_not_claimed" time="0.024" /><testcase classname="backend.tests.test_conditional_calibration" name="test_risk_coverage_monotonicity" time="0.011" /><testcase classname="backend.tests.test_conditional_calibration" name="test_calibration_metrics_improvement" time="0.012" /><testcase classname="backend.tests.test_counterfactual_reliability" name="test_spread_perturbation_monotonicity" time="0.001" /><testcase classname="backend.tests.test_counterfactual_reliability" name="test_lead_time_perturbation_monotonicity" time="0.003" /><testcase classname="backend.tests.test_counterfactual_reliability" name="test_crash_resilience_on_negative_temperature" time="0.002" /><testcase classname="backend.tests.test_counterfactual_reliability" name="test_crash_resilience_on_extreme_out_of_bounds" time="0.006" /><testcase classname="backend.tests.test_counterfactual_reliability" name="test_digital_twin_replay_execution" time="0.002" /><testcase classname="backend.tests.test_cyclone_contract" name="test_cyclone_reliability_output_valid" time="0.002" /><testcase classname="backend.tests.test_cyclone_contract" name="test_non_landfall_null_safety" time="0.002" /><testcase classname="backend.tests.test_cyclone_contract" name="test_hazard_name_invariant" time="0.001" /><testcase classname="backend.tests.test_cyclone_contract" name="test_cyclone_issue_features_validation" time="0.001" /><testcase classname="backend.tests.test_cyclone_contract" name="test_load_manifest_and_catalogue_valid" time="0.037" /><testcase classname="backend.tests.test_cyclone_targets" name="test_cyclone_manifest_contains_all_targets" time="0.006" /><testcase classname="backend.tests.test_cyclone_targets" name="test_track_error_exceedance_logic" time="0.002" /><testcase classname="backend.tests.test_cyclone_targets" name="test_intensity_error_logic" time="0.001" /><testcase classname="backend.tests.test_cyclone_targets" name="test_rapid_intensification_failure_logic" time="0.001" /><testcase classname="backend.tests.test_cyclone_targets" name="test_landfall_displacement_logic" time="0.001" /><testcase classname="backend.tests.test_cyclone_targets" name="test_conformal_track_coverage_logic" time="0.001" /><testcase classname="backend.tests.test_cyclone_targets" name="test_anti_leakage_and_invariants" time="0.001" /><testcase classname="backend.tests.test_day21_post_merge_repairs" name="test_single_target_default_lead_hours_is_positive_24h" time="5.017" /><testcase classname="backend.tests.test_day21_post_merge_repairs" name="test_single_target_explicit_24h_lead" time="0.476" /><testcase classname="backend.tests.test_day21_post_merge_repairs" name="test_single_target_explicit_48h_lead" time="0.462" /><testcase classname="backend.tests.test_day21_post_merge_repairs" name="test_single_target_zero_and_negative_lead_rejected" time="0.061" /><testcase classname="backend.tests.test_day21_post_merge_repairs" name="test_v3_feature_adapter_default_lead_selection" time="0.042" /><testcase classname="backend.tests.test_day21_post_merge_repairs" name="test_openapi_schema_does_not_contain_raw_string_example" time="0.661" /><testcase classname="backend.tests.test_day21_post_merge_repairs" name="test_swagger_generated_example_is_executable" time="0.520" /><testcase classname="backend.tests.test_day21_post_merge_repairs" name="test_accepted_compatibility_model_type_routes_to_v3" time="0.450" /><testcase classname="backend.tests.test_day21_post_merge_repairs" name="test_veyra_v3_model_type_accepted" time="0.460" /><testcase classname="backend.tests.test_day21_post_merge_repairs" name="test_unsupported_model_type_rejected_with_422" time="0.057" /><testcase classname="backend.tests.test_day21_repairs" name="test_real_ensemble_spread_calculation" time="0.003" /><testcase classname="backend.tests.test_day21_repairs" name="test_missing_ensemble_preserves_none_spread" time="0.007" /><testcase classname="backend.tests.test_day21_repairs" name="test_wind_speed_unit_conversion" time="0.016" /><testcase classname="backend.tests.test_day21_repairs" name="test_high_altitude_surface_pressure_qc_passes" time="0.001" /><testcase classname="backend.tests.test_day21_repairs" name="test_physically_impossible_pressure_qc_fails" time="0.001" /><testcase classname="backend.tests.test_day21_repairs" name="test_canonical_location_panaji_resolution" time="0.004" /><testcase classname="backend.tests.test_day21_repairs" name="test_builder2_to_builder1_field_parity" time="0.515" /><testcase classname="backend.tests.test_day21_repairs" name="test_complete_10_horizon_preservation" time="5.229" /><testcase classname="backend.tests.test_day21_repairs" name="test_time_and_lead_alignment" time="0.151" /><testcase classname="backend.tests.test_day21_repairs" name="test_safe_abstention_remains_intact" time="0.626" /><testcase classname="backend.tests.test_day24_probabilistic_intelligence" name="test_frozen_v3_artifact_hashes" time="0.012" /><testcase classname="backend.tests.test_day24_probabilistic_intelligence" name="test_calibrated_serving_normal_path" time="0.091" /><testcase classname="backend.tests.test_day24_probabilistic_intelligence" name="test_prediction_response_schema_omits_raw_probability" time="0.083" /><testcase classname="backend.tests.test_day24_probabilistic_intelligence" name="test_calibrator_missing_causes_safe_abstention" time="0.045" /><testcase classname="backend.tests.test_day24_probabilistic_intelligence" name="test_calibrator_exception_causes_safe_abstention" time="0.082" /><testcase classname="backend.tests.test_day24_probabilistic_intelligence" name="test_calibrator_nan_output_causes_safe_abstention" time="0.070" /><testcase classname="backend.tests.test_day24_probabilistic_intelligence" name="test_calibrator_infinity_output_causes_safe_abstention" time="0.104" /><testcase classname="backend.tests.test_day24_probabilistic_intelligence" name="test_calibration_status_values" time="0.006" /><testcase classname="backend.tests.test_day24_probabilistic_intelligence" name="test_exact_risk_tier_boundaries[0.0-LOW]" time="0.001" /><testcase classname="backend.tests.test_day24_probabilistic_intelligence" name="test_exact_risk_tier_boundaries[0.199999-LOW]" time="0.001" /><testcase classname="backend.tests.test_day24_probabilistic_intelligence" name="test_exact_risk_tier_boundaries[0.2-MEDIUM]" time="0.001" /><testcase classname="backend.tests.test_day24_probabilistic_intelligence" name="test_exact_risk_tier_boundaries[0.499999-MEDIUM]" time="0.006" /><testcase classname="backend.tests.test_day24_probabilistic_intelligence" name="test_exact_risk_tier_boundaries[0.5-HIGH]" time="0.005" /><testcase classname="backend.tests.test_day24_probabilistic_intelligence" name="test_exact_risk_tier_boundaries[0.749999-HIGH]" time="0.004" /><testcase classname="backend.tests.test_day24_probabilistic_intelligence" name="test_exact_risk_tier_boundaries[0.75-CRITICAL]" time="0.002" /><testcase classname="backend.tests.test_day24_probabilistic_intelligence" name="test_exact_risk_tier_boundaries[1.0-CRITICAL]" time="0.001" /><testcase classname="backend.tests.test_day24_probabilistic_intelligence" name="test_evaluation_endpoint_default_is_legacy" time="0.026" /><testcase classname="backend.tests.test_day24_probabilistic_intelligence" name="test_evaluation_endpoint_model_legacy_param" time="0.024" /><testcase classname="backend.tests.test_day24_probabilistic_intelligence" name="test_evaluation_endpoint_model_v3_param" time="0.062" /><testcase classname="backend.tests.test_day24_probabilistic_intelligence" name="test_dedicated_v3_evaluation_endpoint" time="0.028" /><testcase classname="backend.tests.test_day24_probabilistic_intelligence" name="test_production_app_routes_and_openapi_contain_evaluation_v3" time="0.026" /><testcase classname="backend.tests.test_day24_probabilistic_intelligence" name="test_unknown_model_selector_returns_unavailable" time="0.025" /><testcase classname="backend.tests.test_day24_probabilistic_intelligence" name="test_ood_score_serialization_preserves_zero" time="0.003" /><testcase classname="backend.tests.test_day24_probabilistic_intelligence" name="test_ood_score_diagnostic_only_governance" time="0.006" /><testcase classname="backend.tests.test_day24_probabilistic_intelligence" name="test_surface_pressure_anomaly_explanation_consistency" time="0.001" /><testcase classname="backend.tests.test_day24_probabilistic_intelligence" name="test_non_alert_probability_does_not_force_stable_summary" time="0.001" /><testcase classname="backend.tests.test_day24_probabilistic_intelligence" name="test_openapi_schema_prediction_request_omits_lead_hours" time="0.002" /><testcase classname="backend.tests.test_day25_dashboard_intelligence" name="test_dashboard_route_registered" time="0.005" /><testcase classname="backend.tests.test_day25_dashboard_intelligence" name="test_dashboard_openapi_schema_quality" time="0.003" /><testcase classname="backend.tests.test_day25_dashboard_intelligence" name="test_dashboard_single_mode" time="0.005" /><testcase classname="backend.tests.test_day25_dashboard_intelligence" name="test_dashboard_standard_7d_mode" time="0.008" /><testcase classname="backend.tests.test_day25_dashboard_intelligence" name="test_dashboard_full_16d_mode" time="0.022" /><testcase classname="backend.tests.test_day25_dashboard_intelligence" name="test_dashboard_supported_variables[temperature_2m]" time="0.003" /><testcase classname="backend.tests.test_day25_dashboard_intelligence" name="test_dashboard_supported_variables[wind_speed_10m]" time="0.007" /><testcase classname="backend.tests.test_day25_dashboard_intelligence" name="test_dashboard_supported_variables[surface_pressure]" time="0.014" /><testcase classname="backend.tests.test_day25_dashboard_intelligence" name="test_dashboard_selected_prediction_is_canonical_24h" time="0.006" /><testcase classname="backend.tests.test_day25_dashboard_intelligence" name="test_dashboard_invalid_location_safety" time="0.003" /><testcase classname="backend.tests.test_day25_dashboard_intelligence" name="test_dashboard_invalid_location_timeline_valid_time_consistency" time="0.008" /><testcase classname="backend.tests.test_day25_dashboard_intelligence" name="test_dashboard_partial_failure" time="0.008" /><testcase classname="backend.tests.test_day25_dashboard_intelligence" name="test_dashboard_null_safe_mean_and_max" time="0.010" /><testcase classname="backend.tests.test_day25_dashboard_intelligence" name="test_dashboard_elevated_risk_metrics" time="0.011" /><testcase classname="backend.tests.test_day25_dashboard_intelligence" name="test_dashboard_summary_scientific_contract" time="0.016" /><testcase classname="backend.tests.test_day25_dashboard_intelligence" name="test_dashboard_scientific_context_probability_semantics" time="0.004" /><testcase classname="backend.tests.test_day25_dashboard_intelligence" name="test_dashboard_calibration_failure_safety" time="0.022" /><testcase classname="backend.tests.test_day25_dashboard_intelligence" name="test_dashboard_benchmark_vs_live_separation" time="0.006" /><testcase classname="backend.tests.test_day25_dashboard_intelligence" name="test_dashboard_240h_certification_boundary" time="0.026" /><testcase classname="backend.tests.test_day25_dashboard_intelligence" name="test_dashboard_http_endpoint_e2e" time="2.559" /><testcase classname="backend.tests.test_day25_dashboard_intelligence" name="test_dashboard_malformed_request_validation" time="0.077" /><testcase classname="backend.tests.test_day25_dashboard_intelligence" name="test_dashboard_backward_compatibility" time="0.064" /><testcase classname="backend.tests.test_day25_dashboard_intelligence" name="test_dashboard_all_abstained_valid_location_summary" time="0.013" /><testcase classname="backend.tests.test_day25_dashboard_intelligence" name="test_dashboard_raw_probability_never_exposed" time="0.003" /><testcase classname="backend.tests.test_day25_dashboard_intelligence" name="test_dashboard_request_id_header_propagation" time="0.502" /><testcase classname="backend.tests.test_day25_dashboard_intelligence" name="test_dashboard_rate_limit_single_charge" time="10.095" /><testcase classname="backend.tests.test_day25_dashboard_intelligence" name="test_dashboard_cache_and_singleflight_deduplication" time="0.009" /><testcase classname="backend.tests.test_day25_dashboard_intelligence" name="test_dashboard_multi_location_cache_isolation" time="0.007" /><testcase classname="backend.tests.test_day25_dashboard_intelligence" name="test_dashboard_variable_cache_isolation" time="0.020" /><testcase classname="backend.tests.test_day25_dashboard_intelligence" name="test_dashboard_legacy_predict_and_batch_endpoints" time="1.686" /><testcase classname="backend.tests.test_day33_ood_model_determinism" name="test_01_canonical_location_deterministic_resolution" time="0.002" /><testcase classname="backend.tests.test_day33_ood_model_determinism" name="test_02_legitimate_aliases_resolve_consistently" time="0.001" /><testcase classname="backend.tests.test_day33_ood_model_determinism" name="test_03_alias_does_not_broaden_certification" time="0.001" /><testcase classname="backend.tests.test_day33_ood_model_determinism" name="test_04_default_model_selection_deterministic" time="0.001" /><testcase classname="backend.tests.test_day33_ood_model_determinism" name="test_05_accepted_model_aliases_resolve_deterministically" time="0.002" /><testcase classname="backend.tests.test_day33_ood_model_determinism" name="test_06_unknown_model_identifier_behavior_explicit" time="0.003" /><testcase classname="backend.tests.test_day33_ood_model_determinism" name="test_07_repeated_inference_deterministic_model_identity" time="0.004" /><testcase classname="backend.tests.test_day33_ood_model_determinism" name="test_08_repeated_inference_deterministic_pbust" time="0.137" /><testcase classname="backend.tests.test_day33_ood_model_determinism" name="test_09_feature_ordering_50_stable" time="0.001" /><testcase classname="backend.tests.test_day33_ood_model_determinism" name="test_10_model_sha_exact_match" time="0.009" /><testcase classname="backend.tests.test_day33_ood_model_determinism" name="test_11_calibrator_sha_exact_match" time="0.008" /><testcase classname="backend.tests.test_day33_ood_model_determinism" name="test_12_calibration_failure_safely_abstains" time="0.002" /><testcase classname="backend.tests.test_day33_ood_model_determinism" name="test_13_ood_state_machine_readable_and_typed" time="0.001" /><testcase classname="backend.tests.test_day33_ood_model_determinism" name="test_14_ood_and_certification_remain_independent" time="0.001" /><testcase classname="backend.tests.test_day33_ood_model_determinism" name="test_15_ood_unknown_handled_safely" time="0.001" /><testcase classname="backend.tests.test_day33_ood_model_determinism" name="test_16_provider_qc_failure_not_mislabeled_as_ood" time="0.001" /><testcase classname="backend.tests.test_day33_ood_model_determinism" name="test_17_existing_240h_certification_boundary_unchanged" time="0.004" /><testcase classname="backend.tests.test_day33_ood_model_determinism" name="test_18_264h_remains_outside_certified_scope" time="0.004" /><testcase classname="backend.tests.test_day33_ood_model_determinism" name="test_19_certified_station_count_remains_25" time="0.002" /><testcase classname="backend.tests.test_day33_ood_model_determinism" name="test_20_leh_remains_certified" time="0.001" /><testcase classname="backend.tests.test_day33_ood_model_determinism" name="test_21_dispur_remains_outside_certified_scope" time="0.001" /><testcase classname="backend.tests.test_day33_ood_model_determinism" name="test_22_ood_policy_endpoint" time="0.021" /><testcase classname="backend.tests.test_day34_time_contract_revision_store" name="test_01_valid_lead_derivation" time="0.001" /><testcase classname="backend.tests.test_day34_time_contract_revision_store" name="test_02_reversed_timestamps_rejected" time="0.001" /><testcase classname="backend.tests.test_day34_time_contract_revision_store" name="test_03_invalid_lead_bounds_and_fractions" time="0.001" /><testcase classname="backend.tests.test_day34_time_contract_revision_store" name="test_04_timezone_aware_timestamp_equivalence" time="0.001" /><testcase classname="backend.tests.test_day34_time_contract_revision_store" name="test_05_malformed_timestamps_fail_safely" time="0.001" /><testcase classname="backend.tests.test_day34_time_contract_revision_store" name="test_06_prediction_request_contract_preserved" time="0.002" /><testcase classname="backend.tests.test_day34_time_contract_revision_store" name="test_07_certification_boundary_preserved" time="0.004" /><testcase classname="backend.tests.test_day34_time_contract_revision_store" name="test_08_264h_remains_outside_certified_scope" time="0.001" /><testcase classname="backend.tests.test_day34_time_contract_revision_store" name="test_09_revision_store_idempotency" time="0.175" /><testcase classname="backend.tests.test_day34_time_contract_revision_store" name="test_10_distinct_issue_cycles_create_distinct_revisions" time="0.142" /><testcase classname="backend.tests.test_day34_time_contract_revision_store" name="test_11_persistence_across_store_recreation" time="0.164" /><testcase classname="backend.tests.test_day34_time_contract_revision_store" name="test_12_previous_selected_by_issue_chronology" time="0.150" /><testcase classname="backend.tests.test_day34_time_contract_revision_store" name="test_13_delta_convention_current_minus_previous" time="0.001" /><testcase classname="backend.tests.test_day34_time_contract_revision_store" name="test_14_no_history_returns_insufficient_history" time="0.077" /><testcase classname="backend.tests.test_day34_time_contract_revision_store" name="test_15_repeated_api_calls_do_not_manufacture_history" time="0.098" /><testcase classname="backend.tests.test_day34_time_contract_revision_store" name="test_16_alias_canonicalization_unifies_history" time="0.136" /><testcase classname="backend.tests.test_day34_time_contract_revision_store" name="test_17_model_provenance_deterministic_in_store" time="0.113" /><testcase classname="backend.tests.test_day34_time_contract_revision_store" name="test_18_unavailable_store_fails_safely" time="0.003" /><testcase classname="backend.tests.test_day34_time_contract_revision_store" name="test_19_corrupted_store_fails_safely" time="0.034" /><testcase classname="backend.tests.test_day34_time_contract_revision_store" name="test_20_calibration_failure_remains_safe" time="0.082" /><testcase classname="backend.tests.test_day34_time_contract_revision_store" name="test_21_day33_ood_semantics_intact" time="0.007" /><testcase classname="backend.tests.test_day34_time_contract_revision_store" name="test_22_day33_alias_determinism_intact" time="0.001" /><testcase classname="backend.tests.test_day34_time_contract_revision_store" name="test_23_day33_model_determinism_intact" time="0.001" /><testcase classname="backend.tests.test_day34_time_contract_revision_store" name="test_24_day32_station_count_remains_25" time="0.001" /><testcase classname="backend.tests.test_day34_time_contract_revision_store" name="test_25_leh_remains_certified" time="0.001" /><testcase classname="backend.tests.test_day34_time_contract_revision_store" name="test_26_dispur_remains_outside_certified_scope" time="0.001" /><testcase classname="backend.tests.test_day37_provider_adapters" name="test_d37_01_unit_normalization_temperature" time="0.002" /><testcase classname="backend.tests.test_day37_provider_adapters" name="test_d37_02_unit_normalization_wind_speed" time="0.010" /><testcase classname="backend.tests.test_day37_provider_adapters" name="test_d37_03_unit_normalization_surface_pressure" time="0.001" /><testcase classname="backend.tests.test_day37_provider_adapters" name="test_d37_04_provider_registry_default" time="0.002" /><testcase classname="backend.tests.test_day37_provider_adapters" name="test_d37_05_provider_registry_fixture_second_provider" time="0.002" /><testcase classname="backend.tests.test_day37_provider_adapters" name="test_d37_06_provider_registry_unknown_provider_raises" time="0.006" /><testcase classname="backend.tests.test_day37_provider_adapters" name="test_d37_07_fixture_provider_deterministic_temperature_matching" time="0.001" /><testcase classname="backend.tests.test_day37_provider_adapters" name="test_d37_08_fixture_provider_unit_normalization_kmh_to_ms" time="0.002" /><testcase classname="backend.tests.test_day37_provider_adapters" name="test_d37_09_fixture_provider_unit_normalization_pa_to_hpa" time="0.006" /><testcase classname="backend.tests.test_day37_provider_adapters" name="test_d37_10_fixture_provider_unit_normalization_kelvin_to_celsius" time="0.002" /><testcase classname="backend.tests.test_day37_provider_adapters" name="test_d37_11_fixture_provider_alias_resolution" time="0.002" /><testcase classname="backend.tests.test_day37_provider_adapters" name="test_d37_12_fixture_provider_blank_location_invalid_request" time="0.001" /><testcase classname="backend.tests.test_day37_provider_adapters" name="test_d37_13_fixture_provider_explicit_unavailable_case" time="0.005" /><testcase classname="backend.tests.test_day37_provider_adapters" name="test_d37_14_fixture_provider_unsupported_variable" time="0.001" /><testcase classname="backend.tests.test_day37_provider_adapters" name="test_d37_15_openmeteo_adapter_structure" time="0.001" /><testcase classname="backend.tests.test_day37_provider_adapters" name="test_d37_16_list_providers_metadata" time="0.002" /><testcase classname="backend.tests.test_day37_provider_adapters" name="test_d37_17_no_fake_zero_on_unavailable_provider" time="0.004" /><testcase classname="backend.tests.test_day37_provider_adapters" name="test_d37_18_provider_identity_preserved_in_normalized_record" time="0.004" /><testcase classname="backend.tests.test_day37_provider_adapters" name="test_d37_19_frozen_v3_artifacts_unchanged" time="0.001" /><testcase classname="backend.tests.test_day37_provider_adapters" name="test_d37_20_live_primary_smoke_helper" time="0.012" /><testcase classname="backend.tests.test_day37_provider_adapters" name="test_d37_21_openmeteo_adapter_fetch_forecast_contract" time="0.007" /><testcase classname="backend.tests.test_day38_cross_provider_disagreement" name="test_d38_01_identical_provider_values_zero_difference" time="0.006" /><testcase classname="backend.tests.test_day38_cross_provider_disagreement" name="test_d38_02_positive_signed_difference" time="0.009" /><testcase classname="backend.tests.test_day38_cross_provider_disagreement" name="test_d38_03_temperature_comparison_celsius" time="0.135" /><testcase classname="backend.tests.test_day38_cross_provider_disagreement" name="test_d38_04_wind_speed_comparison_meters_per_sec" time="0.102" /><testcase classname="backend.tests.test_day38_cross_provider_disagreement" name="test_d38_05_surface_pressure_comparison_hpa" time="0.117" /><testcase classname="backend.tests.test_day38_cross_provider_disagreement" name="test_d38_06_unit_normalization_before_comparison" time="0.001" /><testcase classname="backend.tests.test_day38_cross_provider_disagreement" name="test_d38_07_canonical_location_matching" time="0.124" /><testcase classname="backend.tests.test_day38_cross_provider_disagreement" name="test_d38_08_alias_location_comparison" time="0.002" /><testcase classname="backend.tests.test_day38_cross_provider_disagreement" name="test_d38_09_blank_location_invalid_request" time="0.001" /><testcase classname="backend.tests.test_day38_cross_provider_disagreement" name="test_d38_10_unknown_primary_provider_error" time="0.001" /><testcase classname="backend.tests.test_day38_cross_provider_disagreement" name="test_d38_11_unknown_secondary_provider_error" time="0.001" /><testcase classname="backend.tests.test_day38_cross_provider_disagreement" name="test_d38_12_unavailable_provider_no_fake_zero" time="0.007" /><testcase classname="backend.tests.test_day38_cross_provider_disagreement" name="test_d38_13_fixture_provenance_flag_true" time="0.102" /><testcase classname="backend.tests.test_day38_cross_provider_disagreement" name="test_d38_14_fixture_provenance_flag_false_for_two_live_providers" time="0.181" /><testcase classname="backend.tests.test_day38_cross_provider_disagreement" name="test_d38_15_relative_difference_calculation" time="0.012" /><testcase classname="backend.tests.test_day38_cross_provider_disagreement" name="test_d38_16_provider_min_max_mean_metrics" time="0.002" /><testcase classname="backend.tests.test_day38_cross_provider_disagreement" name="test_d38_17_gefs_disagreement_separation" time="0.001" /><testcase classname="backend.tests.test_day38_cross_provider_disagreement" name="test_d38_18_p_bust_unmodified_by_cross_provider_disagreement" time="0.065" /><testcase classname="backend.tests.test_day38_cross_provider_disagreement" name="test_d38_19_scientific_certification_unmodified" time="0.005" /><testcase classname="backend.tests.test_day38_cross_provider_disagreement" name="test_d38_20_ood_policy_unmodified" time="0.002" /><testcase classname="backend.tests.test_deployment_readiness" name="test_production_settings_defaults" time="0.001" /><testcase classname="backend.tests.test_deployment_readiness" name="test_health_endpoint_contract" time="0.026" /><testcase classname="backend.tests.test_deployment_readiness" name="test_root_endpoint_metadata" time="0.017" /><testcase classname="backend.tests.test_deployment_readiness" name="test_cors_headers_with_allowed_origin" time="0.242" /><testcase classname="backend.tests.test_deployment_readiness" name="test_cors_wildcard_mode_disables_credentials" time="0.197" /><testcase classname="backend.tests.test_deployment_readiness" name="test_model_artifact_discovery_working_dir_independence" time="0.027" /><testcase classname="backend.tests.test_deployment_readiness" name="test_dashboard_route_handling" time="0.040" /><testcase classname="backend.tests.test_deployment_readiness" name="test_security_headers_attached_to_all_responses" time="0.027" /><testcase classname="backend.tests.test_deployment_readiness" name="test_unhandled_exception_sanitization" time="0.108" /><testcase classname="backend.tests.test_deployment_readiness" name="test_failure_scenario_missing_optional_env_vars" time="0.005" /><testcase classname="backend.tests.test_deployment_readiness" name="test_failure_scenario_model_artifacts_missing_handled_safely" time="0.013" /><testcase classname="backend.tests.test_deployment_readiness" name="test_failure_scenario_backend_returns_structured_422_on_invalid_payload" time="0.025" /><testcase classname="backend.tests.test_deployment_readiness" name="test_failure_scenario_rate_limiter_returns_structured_429" time="0.070" /><testcase classname="backend.tests.test_deployment_readiness" name="test_failure_scenario_weather_cache_disabled_resilience" time="0.003" /><testcase classname="backend.tests.test_dynamic_location" name="test_dynamic_city_resolution_benchmark_cities" time="0.001" /><testcase classname="backend.tests.test_dynamic_location" name="test_dynamic_city_resolution_unregistered_city" time="0.005" /><testcase classname="backend.tests.test_dynamic_location" name="test_direct_coordinate_parsing_valid" time="0.008" /><testcase classname="backend.tests.test_dynamic_location" name="test_coordinate_boundary_rejection" time="0.003" /><testcase classname="backend.tests.test_dynamic_location" name="test_unresolvable_and_fictional_locations" time="0.001" /><testcase classname="backend.tests.test_dynamic_location" name="test_empty_and_whitespace_location" time="0.001" /><testcase classname="backend.tests.test_dynamic_location" name="test_simulated_provider_failure_isolation" time="0.001" /><testcase classname="backend.tests.test_dynamic_location" name="test_geocoder_out_of_bounds_response_filtered" time="0.004" /><testcase classname="backend.tests.test_dynamic_location" name="test_openmeteo_service_with_dynamic_locations" time="0.002" /><testcase classname="backend.tests.test_dynamic_location" name="test_api_predict_dynamic_city" time="0.423" /><testcase classname="backend.tests.test_dynamic_location" name="test_api_predict_direct_coordinates" time="0.498" /><testcase classname="backend.tests.test_dynamic_location" name="test_api_predict_invalid_location_safe_abstention" time="0.029" /><testcase classname="backend.tests.test_dynamic_location" name="test_api_predict_invalid_coordinates_safe_abstention" time="0.034" /><testcase classname="backend.tests.test_dynamic_location" name="test_api_predict_empty_location_rejection" time="0.035" /><testcase classname="backend.tests.test_dynamic_location" name="test_phase1_backward_compatibility" time="0.481" /><testcase classname="backend.tests.test_evaluation_integration" name="test_active_model_evaluation_discovery" time="0.044" /><testcase classname="backend.tests.test_evaluation_integration" name="test_explicit_active_model_aliases" time="0.065" /><testcase classname="backend.tests.test_evaluation_integration" name="test_baseline_evaluation_retrieval" time="0.078" /><testcase classname="backend.tests.test_evaluation_integration" name="test_baseline_and_active_model_strict_separation" time="0.040" /><testcase classname="backend.tests.test_evaluation_integration" name="test_unknown_model_name_returns_unavailable_status" time="0.049" /><testcase classname="backend.tests.test_evaluation_integration" name="test_metric_finiteness_validation_rejects_nan" time="0.002" /><testcase classname="backend.tests.test_evaluation_integration" name="test_metric_finiteness_validation_rejects_inf" time="0.001" /><testcase classname="backend.tests.test_evaluation_integration" name="test_metric_bounds_validation_rejects_out_of_bounds" time="0.001" /><testcase classname="backend.tests.test_evaluation_integration" name="test_missing_metadata_file_handling" time="0.072" /><testcase classname="backend.tests.test_evaluation_integration" name="test_incompatible_model_version_handling" time="0.057" /><testcase classname="backend.tests.test_evaluation_integration" name="test_malformed_non_finite_metrics_in_file_handling" time="0.128" /><testcase classname="backend.tests.test_evaluation_integration" name="test_service_exception_isolation" time="0.013" /><testcase classname="backend.tests.test_evaluation_integration" name="test_http_get_model_evaluation_active_model_default" time="0.023" /><testcase classname="backend.tests.test_evaluation_integration" name="test_http_get_model_evaluation_empty_string_query" time="0.023" /><testcase classname="backend.tests.test_evaluation_integration" name="test_http_get_model_evaluation_explicit_active_model" time="0.024" /><testcase classname="backend.tests.test_evaluation_integration" name="test_http_get_model_evaluation_baseline_query" time="0.034" /><testcase classname="backend.tests.test_evaluation_integration" name="test_http_get_model_evaluation_unknown_model_rejection" time="0.031" /><testcase classname="backend.tests.test_evaluation_integration" name="test_openapi_schema_contains_evaluation_endpoint" time="0.035" /><testcase classname="backend.tests.test_evaluation_integration" name="test_evaluation_structures_do_not_leak_into_inference_contract" time="0.002" /><testcase classname="backend.tests.test_evidence_graph" name="test_build_evidence_graph_structure" time="0.003" /><testcase classname="backend.tests.test_evidence_graph" name="test_self_critic_detects_precipitation_contradiction" time="0.003" /><testcase classname="backend.tests.test_evidence_graph" name="test_self_critic_detects_heatwave_contradiction" time="0.003" /><testcase classname="backend.tests.test_evidence_graph" name="test_self_critic_confirms_consistent_state" time="0.001" /><testcase classname="backend.tests.test_evidence_provenance" name="test_evidence_graph_validation" time="0.007" /><testcase classname="backend.tests.test_evidence_provenance" name="test_primary_driver_id_must_exist_in_nodes" time="0.003" /><testcase classname="backend.tests.test_evidence_provenance" name="test_model_provenance_requires_valid_sha256" time="0.006" /><testcase classname="backend.tests.test_evidence_provenance" name="test_reliability_provenance_full_record" time="0.003" /><testcase classname="backend.tests.test_experimental_feature_flags" name="test_default_feature_flags_all_disabled" time="0.001" /><testcase classname="backend.tests.test_experimental_feature_flags" name="test_env_var_override" time="0.001" /><testcase classname="backend.tests.test_experimental_feature_flags" name="test_master_experimental_switch" time="0.001" /><testcase classname="backend.tests.test_explainability_integration" name="test_contributing_factor_schema_valid" time="0.009" /><testcase classname="backend.tests.test_explainability_integration" name="test_contributing_factor_schema_rejects_nan_and_inf" time="0.004" /><testcase classname="backend.tests.test_explainability_integration" name="test_explanation_item_serialization" time="0.003" /><testcase classname="backend.tests.test_explainability_integration" name="test_model_explanation_response_schema" time="0.005" /><testcase classname="backend.tests.test_explainability_integration" name="test_explain_low_risk_stable_signals" time="0.001" /><testcase classname="backend.tests.test_explainability_integration" name="test_explain_high_risk_revision_drift" time="0.001" /><testcase classname="backend.tests.test_explainability_integration" name="test_explain_high_risk_ensemble_uncertainty" time="0.002" /><testcase classname="backend.tests.test_explainability_integration" name="test_explain_high_risk_extended_horizon" time="0.007" /><testcase classname="backend.tests.test_explainability_integration" name="test_explainability_rejects_forbidden_ground_truth_leakage" time="0.005" /><testcase classname="backend.tests.test_explainability_integration" name="test_explainability_handles_non_finite_features" time="0.007" /><testcase classname="backend.tests.test_explainability_integration" name="test_explainability_abstained_prediction_returns_none" time="0.001" /><testcase classname="backend.tests.test_explainability_integration" name="test_validate_explanation_from_builder2_dataclass" time="0.001" /><testcase classname="backend.tests.test_explainability_integration" name="test_single_prediction_api_returns_valid_explanation" time="0.397" /><testcase classname="backend.tests.test_explainability_integration" name="test_single_prediction_invalid_location_has_null_explanation" time="0.030" /><testcase classname="backend.tests.test_explainability_integration" name="test_batch_prediction_api_preserves_explanations" time="0.830" /><testcase classname="backend.tests.test_explainability_integration" name="test_batch_prediction_duplicate_locations_have_deterministic_explanations" time="0.509" /><testcase classname="backend.tests.test_explainability_integration" name="test_openapi_schema_contains_explanation_contract" time="0.041" /><testcase classname="backend.tests.test_explainability_integration" name="test_probability_invariance_under_explanation" time="0.497" /><testcase classname="backend.tests.test_explainability_integration" name="test_explainer_service_exception_isolation" time="0.003" /><testcase classname="backend.tests.test_explainability_integration" name="test_validate_explanation_invalid_structure_returns_none" time="0.001" /><testcase classname="backend.tests.test_explainability_integration" name="test_explainability_target_valid_time_lead_selection" time="2.021" /><testcase classname="backend.tests.test_failure_episodes" name="test_failure_episode_creation_and_fields" time="0.002" /><testcase classname="backend.tests.test_failure_episodes" name="test_store_disk_persistence" time="0.025" /><testcase classname="backend.tests.test_failure_episodes" name="test_lead_window_filtering" time="0.001" /><testcase classname="backend.tests.test_failure_motifs" name="test_canonical_motif_catalog_coverage" time="0.007" /><testcase classname="backend.tests.test_failure_motifs" name="test_motif_catalog_disk_file_integrity" time="0.009" /><testcase classname="backend.tests.test_failure_motifs" name="test_motif_classifier_accurate_match" time="0.010" /><testcase classname="backend.tests.test_failure_motifs" name="test_motif_classifier_hazard_isolation" time="0.001" /><testcase classname="backend.tests.test_final_cross_phase_integration" name="test_full_pipeline_builder2_model_inference_and_calibration" time="0.541" /><testcase classname="backend.tests.test_final_cross_phase_integration" name="test_builder2_canonical_26_feature_schema_and_ordering" time="0.005" /><testcase classname="backend.tests.test_final_cross_phase_integration" name="test_live_features_contain_zero_ground_truth_or_reference_data" time="0.006" /><testcase classname="backend.tests.test_final_cross_phase_integration" name="test_wind_speed_unit_ms_contract_in_query_and_records" time="0.003" /><testcase classname="backend.tests.test_final_cross_phase_integration" name="test_invalid_location_abstains_with_invalid_location_reason" time="0.024" /><testcase classname="backend.tests.test_final_cross_phase_integration" name="test_time_semantics_rejects_non_positive_lead" time="0.023" /><testcase classname="backend.tests.test_final_cross_phase_integration" name="test_time_semantics_rejects_excessive_lead" time="0.022" /><testcase classname="backend.tests.test_final_cross_phase_integration" name="test_multi_horizon_timeline_reuses_single_forecast_dataset" time="0.033" /><testcase classname="backend.tests.test_final_cross_phase_integration" name="test_metrics_endpoint_snapshot_and_health_isolation" time="0.041" /><testcase classname="backend.tests.test_final_readiness" name="test_location_normalization_and_whitespace" time="0.002" /><testcase classname="backend.tests.test_final_readiness" name="test_unsupported_location_returns_invalid_location_reason" time="0.024" /><testcase classname="backend.tests.test_final_readiness" name="test_multiple_supported_locations_live_predictions" time="1.323" /><testcase classname="backend.tests.test_final_readiness" name="test_model_serving_is_read_only" time="0.048" /><testcase classname="backend.tests.test_final_readiness" name="test_failure_matrix_destructions_safe_abstention" time="0.019" /><testcase classname="backend.tests.test_forecast_cache_and_dedup" name="test_a_single_request_triggers_single_upstream_fetch" time="0.088" /><testcase classname="backend.tests.test_forecast_cache_and_dedup" name="test_b_sequential_reuse_within_ttl_uses_cache" time="0.209" /><testcase classname="backend.tests.test_forecast_cache_and_dedup" name="test_c_concurrent_deduplication_standard_timeline" time="0.545" /><testcase classname="backend.tests.test_forecast_cache_and_dedup" name="test_d_concurrent_deduplication_full_timeline" time="1.581" /><testcase classname="backend.tests.test_forecast_cache_and_dedup" name="test_e_coordinate_isolation_different_locations" time="0.183" /><testcase classname="backend.tests.test_forecast_cache_and_dedup" name="test_f_cache_expiration_triggers_new_fetch" time="1.276" /><testcase classname="backend.tests.test_forecast_cache_and_dedup" name="test_g_upstream_failure_does_not_poison_cache" time="0.076" /><testcase classname="backend.tests.test_forecast_cache_and_dedup" name="test_h_http_429_exhaustion_maps_to_data_unavailable" time="0.002" /><testcase classname="backend.tests.test_forecast_cache_and_dedup" name="test_i_wind_speed_unit_preservation_and_query_contract" time="0.057" /><testcase classname="backend.tests.test_forecast_cache_and_dedup" name="test_j_genuine_qc_failure_maps_to_qc_failed" time="0.082" /><testcase classname="backend.tests.test_forecast_cache_and_dedup" name="test_k_invalid_location_maps_to_invalid_location" time="0.681" /><testcase classname="backend.tests.test_forecast_cache_and_dedup" name="test_single_flight_leader_follower_synchronization" time="0.068" /><testcase classname="backend.tests.test_forecast_cache_and_dedup" name="test_single_flight_exception_propagation_to_all_waiters" time="0.036" /><testcase classname="backend.tests.test_forecast_cache_and_dedup" name="test_retry_after_header_extraction" time="0.002" /><testcase classname="backend.tests.test_forecast_cache_and_dedup" name="test_end_to_end_agent_multi_horizon_cache_reuse" time="0.542" /><testcase classname="backend.tests.test_forecast_cache_and_dedup" name="test_end_to_end_agent_concurrent_multi_horizon_dedup" time="1.566" /><testcase classname="backend.tests.test_frontier_challengers" name="test_frontier_evaluation_rejects_excessive_latency" time="0.010" /><testcase classname="backend.tests.test_frontier_challengers" name="test_frontier_evaluation_rejects_worse_brier" time="0.002" /><testcase classname="backend.tests.test_frontier_challengers" name="test_generative_spatial_simulation_marked_as_simulation" time="0.002" /><testcase classname="backend.tests.test_hazard_calibration_ood" name="test_hazard_calibration_registry_structure" time="0.042" /><testcase classname="backend.tests.test_hazard_calibration_ood" name="test_ood_drift_ledger_integrity" time="0.042" /><testcase classname="backend.tests.test_hazard_calibration_ood" name="test_abstention_policy_ood_and_uncertainty" time="0.001" /><testcase classname="backend.tests.test_hazard_calibration_ood" name="test_abstention_policy_unsupported_state" time="0.005" /><testcase classname="backend.tests.test_hazard_contracts" name="test_hazard_availability_matrix_load_and_validate" time="0.035" /><testcase classname="backend.tests.test_hazard_contracts" name="test_hazard_contract_properties_and_invariants" time="0.014" /><testcase classname="backend.tests.test_hazard_contracts" name="test_target_manifest_integrity" time="0.036" /><testcase classname="backend.tests.test_hazard_contracts" name="test_reference_manifest_integrity" time="0.028" /><testcase classname="backend.tests.test_hazard_contracts" name="test_v3_certified_document_against_disk_artifacts" time="0.034" /><testcase classname="backend.tests.test_hazard_engine" name="test_hazard_curve_generation_and_bounds" time="0.001" /><testcase classname="backend.tests.test_hazard_engine" name="test_survival_curve_monotonicity_invariant" time="0.001" /><testcase classname="backend.tests.test_hazard_engine" name="test_expected_time_to_bust_calculation" time="0.001" /><testcase classname="backend.tests.test_hazard_engine" name="test_build_reliability_state_integration" time="0.004" /><testcase classname="backend.tests.test_hazard_specific_engines" name="test_climatology_baseline" time="0.005" /><testcase classname="backend.tests.test_hazard_specific_engines" name="test_raw_ensemble_baseline" time="0.002" /><testcase classname="backend.tests.test_hazard_specific_engines" name="test_spread_logistic_baseline" time="0.002" /><testcase classname="backend.tests.test_hazard_specific_engines" name="test_continuous_error_distribution" time="0.001" /><testcase classname="backend.tests.test_hazard_specific_engines" name="test_predict_nominal" time="0.006" /><testcase classname="backend.tests.test_hazard_specific_engines" name="test_unsupported_fields_null" time="0.003" /><testcase classname="backend.tests.test_hazard_specific_engines" name="test_ood_detection_and_abstention" time="0.013" /><testcase classname="backend.tests.test_hazard_specific_engines" name="test_to_reliability_state_integration" time="0.003" /><testcase classname="backend.tests.test_hazard_specific_engines" name="test_cyclone_baselines" time="0.001" /><testcase classname="backend.tests.test_hazard_specific_engines" name="test_cyclone_conformal_uncertainty" time="0.001" /><testcase classname="backend.tests.test_hazard_specific_engines" name="test_cyclone_landfall_vs_non_landfall_null_safety" time="0.009" /><testcase classname="backend.tests.test_hazard_specific_engines" name="test_cyclone_ood_and_abstention" time="0.004" /><testcase classname="backend.tests.test_hazard_specific_engines" name="test_cyclone_to_reliability_state_integration" time="0.008" /><testcase classname="backend.tests.test_hazard_specific_engines" name="test_monsoon_baselines" time="0.001" /><testcase classname="backend.tests.test_hazard_specific_engines" name="test_monsoon_three_pillar_decomposition" time="0.001" /><testcase classname="backend.tests.test_hazard_specific_engines" name="test_monsoon_regime_states" time="0.005" /><testcase classname="backend.tests.test_hazard_specific_engines" name="test_monsoon_ood_and_abstention" time="0.010" /><testcase classname="backend.tests.test_hazard_specific_engines" name="test_monsoon_to_reliability_state_integration" time="0.002" /><testcase classname="backend.tests.test_hazard_specific_engines" name="test_wd_baselines" time="0.007" /><testcase classname="backend.tests.test_hazard_specific_engines" name="test_wd_decomposed_failure_modes" time="0.001" /><testcase classname="backend.tests.test_hazard_specific_engines" name="test_wd_rain_snow_null_safety" time="0.002" /><testcase classname="backend.tests.test_hazard_specific_engines" name="test_wd_terrain_conditioning" time="0.005" /><testcase classname="backend.tests.test_hazard_specific_engines" name="test_wd_ood_and_abstention" time="0.006" /><testcase classname="backend.tests.test_hazard_specific_engines" name="test_wd_to_reliability_state_integration" time="0.003" /><testcase classname="backend.tests.test_hazard_specific_engines" name="test_heatwave_baselines" time="0.003" /><testcase classname="backend.tests.test_hazard_specific_engines" name="test_heatwave_decomposed_failure_modes" time="0.002" /><testcase classname="backend.tests.test_hazard_specific_engines" name="test_heatwave_severe_wind_null_safety" time="0.002" /><testcase classname="backend.tests.test_hazard_specific_engines" name="test_heatwave_regional_conditioning" time="0.009" /><testcase classname="backend.tests.test_hazard_specific_engines" name="test_heatwave_ood_and_abstention" time="0.004" /><testcase classname="backend.tests.test_hazard_specific_engines" name="test_heatwave_to_reliability_state_integration" time="0.002" /><testcase classname="backend.tests.test_health" name="test_health_endpoint_returns_200" time="0.014" /><testcase classname="backend.tests.test_health" name="test_health_response_schema" time="0.028" /><testcase classname="backend.tests.test_heatwave_contract" name="test_heatwave_enums" time="0.002" /><testcase classname="backend.tests.test_heatwave_contract" name="test_heatwave_issue_features_valid" time="0.007" /><testcase classname="backend.tests.test_heatwave_contract" name="test_heatwave_issue_features_bounds_validation" time="0.002" /><testcase classname="backend.tests.test_heatwave_contract" name="test_heatwave_reliability_output_valid" time="0.002" /><testcase classname="backend.tests.test_heatwave_contract" name="test_heatwave_output_hazard_invariant" time="0.005" /><testcase classname="backend.tests.test_heatwave_contract" name="test_load_manifest_and_catalogue" time="0.039" /><testcase classname="backend.tests.test_heatwave_targets" name="test_heatwave_target_manifest_structure" time="0.005" /><testcase classname="backend.tests.test_heatwave_targets" name="test_heatwave_target_thresholds" time="0.004" /><testcase classname="backend.tests.test_heatwave_targets" name="test_heatwave_event_catalogue_integrity" time="0.002" /><testcase classname="backend.tests.test_heatwave_targets" name="test_heatwave_target_evaluation" time="0.001" /><testcase classname="backend.tests.test_historical_alignment" name="test_align_single_exact_match" time="0.002" /><testcase classname="backend.tests.test_historical_alignment" name="test_align_single_unit_conversion" time="0.004" /><testcase classname="backend.tests.test_historical_alignment" name="test_align_single_valid_time_mismatch_fails" time="0.007" /><testcase classname="backend.tests.test_historical_alignment" name="test_align_single_variable_mismatch_fails" time="0.004" /><testcase classname="backend.tests.test_historical_alignment" name="test_align_single_anti_leakage_guard" time="0.002" /><testcase classname="backend.tests.test_historical_alignment" name="test_align_datasets_bulk" time="0.001" /><testcase classname="backend.tests.test_historical_dataset" name="test_derive_season" time="0.001" /><testcase classname="backend.tests.test_historical_dataset" name="test_historical_dataset_builder_row" time="0.001" /><testcase classname="backend.tests.test_historical_dataset" name="test_historical_dataset_jsonl_serialization" time="0.022" /><testcase classname="backend.tests.test_historical_dataset" name="test_reference_weather_service_offline" time="0.002" /><testcase classname="backend.tests.test_historical_infrastructure" name="test_valid_historical_collection_request" time="0.003" /><testcase classname="backend.tests.test_historical_infrastructure" name="test_dynamic_city_input_through_day8_location_service" time="0.002" /><testcase classname="backend.tests.test_historical_infrastructure" name="test_direct_coordinates_historical_collection" time="0.003" /><testcase classname="backend.tests.test_historical_infrastructure" name="test_invalid_location_safety" time="0.003" /><testcase classname="backend.tests.test_historical_infrastructure" name="test_invalid_coordinates_safety" time="0.002" /><testcase classname="backend.tests.test_historical_infrastructure" name="test_invalid_date_ordering_validation_error" time="0.002" /><testcase classname="backend.tests.test_historical_infrastructure" name="test_unsupported_variable_validation_error" time="0.002" /><testcase classname="backend.tests.test_historical_infrastructure" name="test_provider_timeout_handled_gracefully" time="0.002" /><testcase classname="backend.tests.test_historical_infrastructure" name="test_malformed_provider_response_handled_gracefully" time="0.004" /><testcase classname="backend.tests.test_historical_infrastructure" name="test_qc_detects_non_finite_and_out_of_bounds_values" time="0.002" /><testcase classname="backend.tests.test_historical_infrastructure" name="test_duplicate_records_removed_deterministically" time="0.003" /><testcase classname="backend.tests.test_historical_infrastructure" name="test_distinct_legitimate_records_preserved" time="0.008" /><testcase classname="backend.tests.test_historical_infrastructure" name="test_canonical_schema_consistency" time="0.002" /><testcase classname="backend.tests.test_historical_infrastructure" name="test_reference_prediction_data_isolation" time="0.001" /><testcase classname="backend.tests.test_historical_infrastructure" name="test_day8_dynamic_location_compatibility" time="1.087" /><testcase classname="backend.tests.test_historical_infrastructure" name="test_builder2_jsonl_serialization_and_reference_conversion" time="0.034" /><testcase classname="backend.tests.test_horizon_contract" name="test_predict_rejects_unsupported_lead_hours_with_422" time="0.017" /><testcase classname="backend.tests.test_horizon_contract" name="test_predict_rejects_unsupported_lat_lon_with_422" time="0.047" /><testcase classname="backend.tests.test_horizon_contract" name="test_dashboard_rejects_unsupported_field_with_422" time="0.027" /><testcase classname="backend.tests.test_horizon_contract" name="test_predict_explicit_horizon_via_timestamps" time="0.424" /><testcase classname="backend.tests.test_horizon_contract" name="test_predict_canonical_single_defaults_to_24h" time="0.388" /><testcase classname="backend.tests.test_horizon_contract" name="test_dashboard_full_16d_exact_contract" time="4.443" /><testcase classname="backend.tests.test_horizon_contract" name="test_dashboard_standard_7d_exact_contract" time="2.206" /><testcase classname="backend.tests.test_horizon_contract" name="test_dashboard_single_exact_contract" time="0.506" /><testcase classname="backend.tests.test_horizon_contract" name="test_atlantis_negative_control_safe_abstention" time="0.044" /><testcase classname="backend.tests.test_horizon_contract" name="test_multi_location_full_16d[Delhi]" time="5.086" /><testcase classname="backend.tests.test_horizon_contract" name="test_multi_location_full_16d[Kolkata]" time="5.220" /><testcase classname="backend.tests.test_horizon_contract" name="test_multi_location_full_16d[Mumbai]" time="4.820" /><testcase classname="backend.tests.test_horizon_contract" name="test_multi_location_full_16d[London]" time="5.257" /><testcase classname="backend.tests.test_horizon_contract" name="test_multi_location_full_16d[Tokyo]" time="4.933" /><testcase classname="backend.tests.test_horizon_contract" name="test_multi_variable_full_16d[temperature_2m]" time="4.643" /><testcase classname="backend.tests.test_horizon_contract" name="test_multi_variable_full_16d[wind_speed_10m]" time="5.898" /><testcase classname="backend.tests.test_horizon_contract" name="test_multi_variable_full_16d[surface_pressure]" time="4.986" /><testcase classname="backend.tests.test_independent_truth" name="test_truth_sealing_enforcement" time="0.012" /><testcase classname="backend.tests.test_independent_truth" name="test_sparse_reference_abstention" time="0.003" /><testcase classname="backend.tests.test_independent_truth" name="test_reference_audit_manifest_integrity" time="0.053" /><testcase classname="backend.tests.test_independent_truth" name="test_reference_sensitivity_evaluation" time="0.003" /><testcase classname="backend.tests.test_leakage_integration" name="test_future_truth_removal_invariance" time="0.001" /><testcase classname="backend.tests.test_leakage_integration" name="test_feature_availability_time_causality" time="0.001" /><testcase classname="backend.tests.test_leakage_integration" name="test_strict_forbidden_ground_truth_fields" time="0.005" /><testcase classname="backend.tests.test_leakage_integration" name="test_temporal_causality_monotonicity" time="0.003" /><testcase classname="backend.tests.test_leakage_integration" name="test_event_grouping_isolation" time="0.006" /><testcase classname="backend.tests.test_leakage_integration" name="test_region_holdout_spatial_isolation" time="0.002" /><testcase classname="backend.tests.test_leakage_integration" name="test_model_version_holdout_isolation" time="0.001" /><testcase classname="backend.tests.test_leakage_integration" name="test_temporal_embargo_purge" time="0.008" /><testcase classname="backend.tests.test_live_serving" name="test_live_feature_service_build_features" time="0.016" /><testcase classname="backend.tests.test_live_serving" name="test_live_logistic_model_service_predict_probability" time="0.015" /><testcase classname="backend.tests.test_live_serving" name="test_missing_model_artifact_safe_abstention" time="0.021" /><testcase classname="backend.tests.test_live_serving" name="test_end_to_end_agent_live_prediction" time="0.010" /><testcase classname="backend.tests.test_live_serving" name="test_end_to_end_predict_endpoint_with_live_pipeline" time="0.056" /><testcase classname="backend.tests.test_live_serving" name="test_failed_weather_prerequisite_safely_abstains" time="0.050" /><testcase classname="backend.tests.test_ml_features" name="test_feature_extractor_excludes_leakage_fields" time="0.005" /><testcase classname="backend.tests.test_ml_features" name="test_feature_extractor_cyclic_and_onehot_encodings" time="0.001" /><testcase classname="backend.tests.test_ml_features" name="test_feature_pipeline_fit_and_transform" time="0.003" /><testcase classname="backend.tests.test_ml_features" name="test_feature_pipeline_transform_inference_compatibility" time="0.007" /><testcase classname="backend.tests.test_ml_model_and_eval" name="test_baseline_logistic_model_training_and_probability_range" time="0.045" /><testcase classname="backend.tests.test_ml_model_and_eval" name="test_model_evaluator_metrics_and_false_negatives" time="0.040" /><testcase classname="backend.tests.test_ml_model_and_eval" name="test_training_only_fitting_workflow" time="0.106" /><testcase classname="backend.tests.test_ml_model_and_eval" name="test_model_artifact_manager_save_and_load" time="0.059" /><testcase classname="backend.tests.test_ml_splitting" name="test_temporal_splitter_chronological_order" time="0.001" /><testcase classname="backend.tests.test_ml_splitting" name="test_temporal_splitter_ratio_validation" time="0.001" /><testcase classname="backend.tests.test_ml_splitting" name="test_temporal_splitter_min_rows_validation" time="0.004" /><testcase classname="backend.tests.test_model_integration" name="test_model_integration_service_initialization" time="0.044" /><testcase classname="backend.tests.test_model_integration" name="test_model_registration_and_switching" time="0.045" /><testcase classname="backend.tests.test_model_integration" name="test_valid_model_inference_execution" time="0.066" /><testcase classname="backend.tests.test_model_integration" name="test_probability_strictly_bounded_on_out_of_bounds_estimator" time="0.004" /><testcase classname="backend.tests.test_model_integration" name="test_missing_features_validation_rejection" time="0.050" /><testcase classname="backend.tests.test_model_integration" name="test_non_finite_nan_feature_rejection" time="0.061" /><testcase classname="backend.tests.test_model_integration" name="test_non_finite_inf_feature_rejection" time="0.047" /><testcase classname="backend.tests.test_model_integration" name="test_features_not_ready_handling" time="0.055" /><testcase classname="backend.tests.test_model_integration" name="test_leakage_guard_rejects_ground_truth_in_features" time="0.038" /><testcase classname="backend.tests.test_model_integration" name="test_leakage_guard_rejects_ground_truth_in_metadata" time="0.044" /><testcase classname="backend.tests.test_model_integration" name="test_model_input_contract_schema_leakage_validator" time="0.001" /><testcase classname="backend.tests.test_model_integration" name="test_model_unavailable_service_handling" time="0.009" /><testcase classname="backend.tests.test_model_integration" name="test_model_inference_exception_handling_without_traceback_leakage" time="0.004" /><testcase classname="backend.tests.test_model_integration" name="test_evaluate_contract_interface" time="0.066" /><testcase classname="backend.tests.test_model_integration" name="test_single_prediction_endpoint_integration" time="0.499" /><testcase classname="backend.tests.test_model_integration" name="test_single_prediction_invalid_location_abstention" time="0.032" /><testcase classname="backend.tests.test_model_integration" name="test_single_prediction_direct_coordinates" time="0.452" /><testcase classname="backend.tests.test_model_integration" name="test_calibrator_failure_handling" time="0.004" /><testcase classname="backend.tests.test_model_integration" name="test_version_metadata_propagation" time="0.065" /><testcase classname="backend.tests.test_model_integration" name="test_batch_prediction_endpoint_integration" time="0.886" /><testcase classname="backend.tests.test_model_version_shift" name="test_no_shift_detection" time="0.009" /><testcase classname="backend.tests.test_model_version_shift" name="test_moderate_shift_detection" time="0.004" /><testcase classname="backend.tests.test_model_version_shift" name="test_severe_shift_triggers_abstention" time="0.020" /><testcase classname="backend.tests.test_monsoon_contract" name="test_monsoon_enums" time="0.001" /><testcase classname="backend.tests.test_monsoon_contract" name="test_monsoon_issue_features_valid" time="0.001" /><testcase classname="backend.tests.test_monsoon_contract" name="test_monsoon_issue_features_bounds_validation" time="0.001" /><testcase classname="backend.tests.test_monsoon_contract" name="test_monsoon_reliability_output_valid" time="0.007" /><testcase classname="backend.tests.test_monsoon_contract" name="test_monsoon_reliability_output_hazard_invariant" time="0.007" /><testcase classname="backend.tests.test_monsoon_contract" name="test_load_manifest_and_catalogue" time="0.012" /><testcase classname="backend.tests.test_monsoon_targets" name="test_monsoon_target_manifest_structure" time="0.002" /><testcase classname="backend.tests.test_monsoon_targets" name="test_monsoon_target_thresholds" time="0.006" /><testcase classname="backend.tests.test_monsoon_targets" name="test_monsoon_event_catalogue_integrity" time="0.004" /><testcase classname="backend.tests.test_monsoon_targets" name="test_monsoon_three_pillar_target_evaluation" time="0.002" /><testcase classname="backend.tests.test_multi_location" name="test_single_location_in_multi_location_request" time="0.002" /><testcase classname="backend.tests.test_multi_location" name="test_multiple_valid_cities_request" time="0.002" /><testcase classname="backend.tests.test_multi_location" name="test_mixed_city_and_direct_coordinates" time="0.001" /><testcase classname="backend.tests.test_multi_location" name="test_empty_location_list_validation_error" time="0.002" /><testcase classname="backend.tests.test_multi_location" name="test_whitespace_location_entry_validation_error" time="0.004" /><testcase classname="backend.tests.test_multi_location" name="test_batch_above_maximum_limit_error" time="0.004" /><testcase classname="backend.tests.test_multi_location" name="test_invalid_date_order_in_multi_location_request" time="0.004" /><testcase classname="backend.tests.test_multi_location" name="test_valid_plus_invalid_location_failure_isolation" time="0.010" /><testcase classname="backend.tests.test_multi_location" name="test_all_invalid_batch_handling" time="0.010" /><testcase classname="backend.tests.test_multi_location" name="test_provider_failure_isolation" time="0.012" /><testcase classname="backend.tests.test_multi_location" name="test_provider_timeout_isolation" time="0.005" /><testcase classname="backend.tests.test_multi_location" name="test_deterministic_result_mapping_order" time="1.627" /><testcase classname="backend.tests.test_multi_location" name="test_duplicate_locations_deduplication_and_mapping" time="0.007" /><testcase classname="backend.tests.test_multi_location" name="test_qc_isolation_across_locations" time="0.012" /><testcase classname="backend.tests.test_multi_location" name="test_reference_prediction_data_isolation" time="0.011" /><testcase classname="backend.tests.test_multi_location" name="test_builder2_jsonl_export_and_load" time="0.023" /><testcase classname="backend.tests.test_multi_location" name="test_builder2_to_reference_records_bridge" time="0.010" /><testcase classname="backend.tests.test_multi_location" name="test_batch_prediction_execution" time="0.798" /><testcase classname="backend.tests.test_multi_location" name="test_http_batch_historical_endpoint" time="0.699" /><testcase classname="backend.tests.test_multi_location" name="test_http_batch_prediction_endpoint" time="0.450" /><testcase classname="backend.tests.test_multi_location" name="test_http_batch_empty_locations_rejected" time="0.024" /><testcase classname="backend.tests.test_multi_location" name="test_http_single_location_prediction_unaffected" time="0.394" /><testcase classname="backend.tests.test_multi_system" name="test_cross_system_evidence_schema" time="0.016" /><testcase classname="backend.tests.test_multi_system" name="test_cross_system_transfer_engine_evaluation" time="0.002" /><testcase classname="backend.tests.test_multi_system" name="test_cross_system_transfer_engine_rejection_on_excessive_delta" time="0.002" /><testcase classname="backend.tests.test_observability" name="test_client_supplied_request_id_preserved" time="0.019" /><testcase classname="backend.tests.test_observability" name="test_server_generated_request_id_when_missing" time="0.016" /><testcase classname="backend.tests.test_observability" name="test_request_latency_and_http_metrics_recorded" time="0.044" /><testcase classname="backend.tests.test_observability" name="test_structured_logging_json_format_support" time="0.015" /><testcase classname="backend.tests.test_observability" name="test_validation_failure_records_422_metric_and_correlation" time="0.031" /><testcase classname="backend.tests.test_observability" name="test_application_rate_limiting_records_429_metric" time="0.053" /><testcase classname="backend.tests.test_observability" name="test_upstream_success_telemetry_recorded" time="0.005" /><testcase classname="backend.tests.test_observability" name="test_upstream_timeout_telemetry" time="0.002" /><testcase classname="backend.tests.test_observability" name="test_upstream_http_429_telemetry" time="0.002" /><testcase classname="backend.tests.test_observability" name="test_upstream_http_5xx_telemetry" time="0.002" /><testcase classname="backend.tests.test_observability" name="test_upstream_malformed_response_telemetry" time="0.008" /><testcase classname="backend.tests.test_observability" name="test_cache_hit_miss_and_eviction_metrics" time="0.002" /><testcase classname="backend.tests.test_observability" name="test_singleflight_coalescing_operational_visibility" time="0.063" /><testcase classname="backend.tests.test_observability" name="test_singleflight_exception_cleanup_and_recovery" time="0.001" /><testcase classname="backend.tests.test_observability" name="test_invalid_location_safe_abstention_telemetry" time="0.017" /><testcase classname="backend.tests.test_observability" name="test_health_endpoint_contract_and_zero_upstream_calls" time="0.019" /><testcase classname="backend.tests.test_observability" name="test_metrics_endpoint_contract" time="0.017" /><testcase classname="backend.tests.test_observability" name="test_telemetry_and_metrics_contain_zero_secrets" time="0.002" /><testcase classname="backend.tests.test_phase08_demo_operations.TestTrustStateContract" name="test_unavailable_on_missing_weather" time="0.001" /><testcase classname="backend.tests.test_phase08_demo_operations.TestTrustStateContract" name="test_unavailable_on_invalid_location" time="0.005" /><testcase classname="backend.tests.test_phase08_demo_operations.TestTrustStateContract" name="test_unavailable_on_missing_features" time="0.001" /><testcase classname="backend.tests.test_phase08_demo_operations.TestTrustStateContract" name="test_unavailable_on_missing_model" time="0.001" /><testcase classname="backend.tests.test_phase08_demo_operations.TestTrustStateContract" name="test_high_confidence_on_normal_ood" time="0.003" /><testcase classname="backend.tests.test_phase08_demo_operations.TestTrustStateContract" name="test_abstained_on_invalid_probability" time="0.006" /><testcase classname="backend.tests.test_phase08_demo_operations.TestRiskLevelMapping" name="test_low_risk" time="0.002" /><testcase classname="backend.tests.test_phase08_demo_operations.TestRiskLevelMapping" name="test_medium_risk" time="0.001" /><testcase classname="backend.tests.test_phase08_demo_operations.TestRiskLevelMapping" name="test_high_risk" time="0.004" /><testcase classname="backend.tests.test_phase08_demo_operations.TestRiskLevelMapping" name="test_critical_risk" time="0.002" /><testcase classname="backend.tests.test_phase08_demo_operations.TestRiskLevelMapping" name="test_boundary_low_medium" time="0.001" /><testcase classname="backend.tests.test_phase08_demo_operations.TestRiskLevelMapping" name="test_boundary_medium_high" time="0.001" /><testcase classname="backend.tests.test_phase08_demo_operations.TestRiskLevelMapping" name="test_boundary_high_critical" time="0.001" /><testcase classname="backend.tests.test_phase08_demo_operations.TestTrustStateEnumCompleteness" name="test_all_trust_states_exist" time="0.002" /><testcase classname="backend.tests.test_phase08_demo_operations.TestTrustStateEnumCompleteness" name="test_all_risk_levels_exist" time="0.004" /><testcase classname="backend.tests.test_phase08_demo_operations.TestTrustStateEnumCompleteness" name="test_all_ood_states_exist" time="0.004" /><testcase classname="backend.tests.test_phase08_demo_operations.TestSafetyErrorAssessment" name="test_error_assessment_defaults" time="0.001" /><testcase classname="backend.tests.test_phase08_demo_operations.TestSafetyErrorAssessment" name="test_error_assessment_with_message" time="0.001" /><testcase classname="backend.tests.test_phase08_demo_operations.TestDataSourceModes" name="test_expected_source_modes" time="0.001" /><testcase classname="backend.tests.test_phase08_demo_operations.TestDataSourceModes" name="test_weather_result_has_data_version" time="0.001" /><testcase classname="backend.tests.test_phase1_bust_labeling" name="test_mad_computation" time="0.002" /><testcase classname="backend.tests.test_phase1_bust_labeling" name="test_sensitivity_quantiles_monotonicity" time="0.136" /><testcase classname="backend.tests.test_phase1_bust_labeling" name="test_severity_classification_and_normalized_error" time="0.161" /><testcase classname="backend.tests.test_phase1_bust_labeling" name="test_ambiguity_flag_identification" time="0.072" /><testcase classname="backend.tests.test_phase1_bust_labeling" name="test_fss_perfect_and_zero_skill" time="0.010" /><testcase classname="backend.tests.test_phase1_bust_labeling" name="test_fss_increases_with_window_size" time="0.003" /><testcase classname="backend.tests.test_phase1_bust_labeling" name="test_spatial_bust_displacement_mitigation" time="0.011" /><testcase classname="backend.tests.test_phase1_bust_labeling" name="test_event_grouped_data_splitter" time="0.003" /><testcase classname="backend.tests.test_phase1_bust_labeling" name="test_temporal_splitter_embargo" time="0.006" /><testcase classname="backend.tests.test_phase1_bust_labeling" name="test_prediction_response_schema_fields" time="0.003" /><testcase classname="backend.tests.test_phase1_bust_labeling" name="test_forecast_bust_agent_populates_phase1_fields" time="0.002" /><testcase classname="backend.tests.test_phase2_anti_leakage" name="test_valid_canonical_record_parses_successfully" time="0.002" /><testcase classname="backend.tests.test_phase2_anti_leakage" name="test_lookahead_feature_rejection" time="0.002" /><testcase classname="backend.tests.test_phase2_anti_leakage" name="test_future_observation_rejection" time="0.003" /><testcase classname="backend.tests.test_phase2_anti_leakage" name="test_missing_canonical_fields_rejection" time="0.015" /><testcase classname="backend.tests.test_phase2_anti_leakage" name="test_feature_vector_shape_and_type_validation" time="0.002" /><testcase classname="backend.tests.test_phase2_anti_leakage" name="test_deterministic_bust_evaluation_consistency" time="0.001" /><testcase classname="backend.tests.test_phase2_anti_leakage" name="test_single_class_subset_handling_in_replay" time="0.009" /><testcase classname="backend.tests.test_phase2_anti_leakage" name="test_expected_calibration_error_computation" time="0.005" /><testcase classname="backend.tests.test_phase2_anti_leakage" name="test_scorecard_mathematical_properties" time="0.006" /><testcase classname="backend.tests.test_phase2_anti_leakage" name="test_fixture_500_integrity_and_anti_leakage" time="0.084" /><testcase classname="backend.tests.test_phase2_feature_engineering" name="test_revision_trajectory_single_cycle_fallback" time="0.002" /><testcase classname="backend.tests.test_phase2_feature_engineering" name="test_revision_trajectory_multi_cycle_calculation" time="0.018" /><testcase classname="backend.tests.test_phase2_feature_engineering" name="test_determine_monsoon_phase" time="0.002" /><testcase classname="backend.tests.test_phase2_feature_engineering" name="test_compute_blocking_index" time="0.007" /><testcase classname="backend.tests.test_phase2_feature_engineering" name="test_compute_cyclonic_regime_flag" time="0.001" /><testcase classname="backend.tests.test_phase2_feature_engineering" name="test_regime_transition_proximity" time="0.001" /><testcase classname="backend.tests.test_phase2_feature_engineering" name="test_extract_regime_features_dictionary" time="0.001" /><testcase classname="backend.tests.test_phase2_feature_engineering" name="test_analog_service_finds_similar_cases" time="0.002" /><testcase classname="backend.tests.test_phase2_feature_engineering" name="test_analog_service_strict_event_exclusion" time="0.001" /><testcase classname="backend.tests.test_phase2_feature_engineering" name="test_analog_service_strict_temporal_direction" time="0.003" /><testcase classname="backend.tests.test_phase2_feature_engineering" name="test_analog_service_no_eligible_analog_graceful_handling" time="0.004" /><testcase classname="backend.tests.test_phase2_feature_engineering" name="test_classify_india_region" time="0.003" /><testcase classname="backend.tests.test_phase2_feature_engineering" name="test_compute_quality_signals" time="0.003" /><testcase classname="backend.tests.test_phase2_feature_engineering" name="test_validate_issue_time_safety_enforcement" time="0.001" /><testcase classname="backend.tests.test_p
[...]
ity" time="0.195" /><testcase classname="backend.tests.test_rollback_governance" name="test_rollback_procedure_manifest_completeness" time="0.040" /><testcase classname="backend.tests.test_rollback_governance" name="test_corrupted_model_artifact_triggers_rejection" time="0.027" /><testcase classname="backend.tests.test_rollback_governance" name="test_rollback_stop_triggers_logic" time="0.001" /><testcase classname="backend.tests.test_schemas" name="test_health_response_defaults" time="0.008" /><testcase classname="backend.tests.test_schemas" name="test_prediction_request_valid" time="0.001" /><testcase classname="backend.tests.test_schemas" name="test_prediction_request_empty_location_raises" time="0.001" /><testcase classname="backend.tests.test_schemas" name="test_prediction_response_defaults" time="0.001" /><testcase classname="backend.tests.test_schemas" name="test_prediction_response_json_serialization" time="0.002" /><testcase classname="backend.tests.test_schemas" name="test_standardized_reason_codes_exist" time="0.004" /><testcase classname="backend.tests.test_scientific_certification" name="test_station_count_exactly_25" time="0.002" /><testcase classname="backend.tests.test_scientific_certification" name="test_station_set_matches_frozen_benchmark" time="0.007" /><testcase classname="backend.tests.test_scientific_certification" name="test_leh_restored_to_certified_scope" time="0.001" /><testcase classname="backend.tests.test_scientific_certification" name="test_removed_extra_stations_return_outside_certified_scope[Dispur]" time="0.001" /><testcase classname="backend.tests.test_scientific_certification" name="test_removed_extra_stations_return_outside_certified_scope[Gangtok]" time="0.001" /><testcase classname="backend.tests.test_scientific_certification" name="test_removed_extra_stations_return_outside_certified_scope[Patna]" time="0.005" /><testcase classname="backend.tests.test_scientific_certification" name="test_removed_extra_stations_return_outside_certified_scope[Shillong]" time="0.003" /><testcase classname="backend.tests.test_scientific_certification" name="test_removed_extra_stations_return_outside_certified_scope[Varanasi]" time="0.003" /><testcase classname="backend.tests.test_scientific_certification" name="test_removed_extra_stations_return_outside_certified_scope[Vijayawada]" time="0.005" /><testcase classname="backend.tests.test_scientific_certification" name="test_kolkata_certified_scope" time="0.001" /><testcase classname="backend.tests.test_scientific_certification" name="test_kolkata_extended_lead_horizon" time="0.001" /><testcase classname="backend.tests.test_scientific_certification" name="test_uncertified_variable" time="0.001" /><testcase classname="backend.tests.test_scientific_certification" name="test_model_sha_mismatch" time="0.006" /><testcase classname="backend.tests.test_scientific_certification" name="test_calibrator_sha_mismatch" time="0.003" /><testcase classname="backend.tests.test_scientific_certification" name="test_invalid_empty_location" time="0.006" /><testcase classname="backend.tests.test_scientific_certification" name="test_http_certification_evaluate_endpoint" time="0.027" /><testcase classname="backend.tests.test_scientific_certification" name="test_http_certification_policy_endpoint" time="0.025" /><testcase classname="backend.tests.test_scientific_certification" name="test_predict_endpoint_contains_certification_metadata" time="0.026" /><testcase classname="backend.tests.test_scientific_evidence_package" name="test_specialist_evidence_ledger_exists" time="0.019" /><testcase classname="backend.tests.test_scientific_evidence_package" name="test_all_registered_specialists_in_ledger" time="0.009" /><testcase classname="backend.tests.test_scientific_evidence_package" name="test_zero_specialists_active_in_production" time="0.001" /><testcase classname="backend.tests.test_scientific_evidence_package" name="test_gate_g8_promotion_eligibility_blocks_all_unvalidated" time="0.001" /><testcase classname="backend.tests.test_scientific_evidence_package" name="test_formula_specialists_have_targets_and_bust_formulas" time="0.001" /><testcase classname="backend.tests.test_scientific_evidence_package" name="test_target_separation_in_specialist_output" time="0.003" /><testcase classname="backend.tests.test_scientific_evidence_package" name="test_pilot_evidence_package_completeness" time="0.023" /><testcase classname="backend.tests.test_scientific_evidence_package" name="test_explanation_policy_audit_on_ledger" time="0.002" /><testcase classname="backend.tests.test_scientific_evidence_package" name="test_export_specialist_evidence_ledger_parity" time="0.007" /><testcase classname="backend.tests.test_scientific_evidence_package" name="test_cli_specialist_evidence_validator_exits_zero" time="10.774" /><testcase classname="backend.tests.test_scientific_evidence_package" name="test_precipitation_specialist_ladder_hierarchy" time="0.002" /><testcase classname="backend.tests.test_services" name="test_unavailable_weather_service_contract" time="0.002" /><testcase classname="backend.tests.test_services" name="test_unavailable_feature_service_contract" time="0.004" /><testcase classname="backend.tests.test_services" name="test_unavailable_model_service_contract" time="0.002" /><testcase classname="backend.tests.test_services" name="test_safety_evaluator_abstains_on_weather_failure" time="0.001" /><testcase classname="backend.tests.test_services" name="test_safety_evaluator_abstains_on_feature_failure" time="0.003" /><testcase classname="backend.tests.test_services" name="test_safety_evaluator_abstains_on_model_unready" time="0.003" /><testcase classname="backend.tests.test_services" name="test_safety_evaluator_handles_out_of_bounds_probability" time="0.003" /><testcase classname="backend.tests.test_services" name="test_safety_evaluator_create_error_assessment" time="0.003" /><testcase classname="backend.tests.test_spatial_graph" name="test_spatial_network_topology_count_and_regions" time="0.003" /><testcase classname="backend.tests.test_spatial_graph" name="test_spatial_station_coordinates_and_bounds" time="0.002" /><testcase classname="backend.tests.test_spatial_graph" name="test_spatial_distance_matrix_properties" time="0.008" /><testcase classname="backend.tests.test_spatial_graph" name="test_spatial_adjacency_matrix_properties" time="0.015" /><testcase classname="backend.tests.test_spatial_leakage" name="test_spatial_issue_features_strict_predictors" time="0.001" /><testcase classname="backend.tests.test_spatial_leakage" name="test_spatial_rejection_of_negative_spreads" time="0.001" /><testcase classname="backend.tests.test_spatial_leakage" name="test_spatial_engine_uses_only_issue_time_inputs" time="0.046" /><testcase classname="backend.tests.test_spatial_propagation" name="test_spatial_propagation_non_causal_invariant" time="0.040" /><testcase classname="backend.tests.test_spatial_propagation" name="test_spatial_regional_cluster_aggregation" time="0.058" /><testcase classname="backend.tests.test_spatial_propagation" name="test_spatial_risk_surface_generation" time="0.044" /><testcase classname="backend.tests.test_spatial_propagation" name="test_spatial_baseline_ladder" time="0.004" /><testcase classname="backend.tests.test_spatial_propagation" name="test_spatial_adversarial_stress_robustness" time="0.055" /><testcase classname="backend.tests.test_spatial_reliability_service" name="test_process_metrics_spatial_tracking" time="0.002" /><testcase classname="backend.tests.test_spatial_reliability_service" name="test_spatial_reliability_service_parallel_execution" time="0.017" /><testcase classname="backend.tests.test_spatial_reliability_service" name="test_spatial_endpoint_via_client" time="1.775" /><testcase classname="backend.tests.test_specialist_registry" name="test_all_six_specialists_are_formula_baselines" time="0.001" /><testcase classname="backend.tests.test_specialist_registry" name="test_experimental_engines_are_experimental" time="0.001" /><testcase classname="backend.tests.test_specialist_registry" name="test_severe_wind_is_quarantined" time="0.005" /><testcase classname="backend.tests.test_specialist_registry" name="test_promotion_gate_g8_strictly_blocks_unpromoted" time="0.004" /><testcase classname="backend.tests.test_specialist_registry" name="test_specialists_inactive_in_production_by_default" time="0.002" /><testcase classname="backend.tests.test_specialist_registry" name="test_hazard_vs_bust_target_separation" time="0.001" /><testcase classname="backend.tests.test_specialist_registry" name="test_explanation_policy_rejects_causal_language" time="0.006" /><testcase classname="backend.tests.test_truth_sealing" name="test_truth_sealing_invariants" time="0.001" /><testcase classname="backend.tests.test_ui_reliability_fields" name="test_ui_status_taxonomy_values" time="0.001" /><testcase classname="backend.tests.test_ui_reliability_fields" name="test_no_experimental_as_certified_invariant" time="0.001" /><testcase classname="backend.tests.test_ui_reliability_fields" name="test_ui_conformal_bounds_contract" time="0.001" /><testcase classname="backend.tests.test_ui_reliability_fields" name="test_ui_watchlist_alert_tiers" time="0.003" /><testcase classname="backend.tests.test_unit_conversion" name="test_temperature_conversions" time="0.004" /><testcase classname="backend.tests.test_unit_conversion" name="test_pressure_conversions" time="0.002" /><testcase classname="backend.tests.test_unit_conversion" name="test_wind_speed_conversions" time="0.006" /><testcase classname="backend.tests.test_unit_conversion" name="test_precipitation_conversions" time="0.001" /><testcase classname="backend.tests.test_unit_conversion" name="test_incompatible_unit_rejection" time="0.001" /><testcase classname="backend.tests.test_v3_artifact_integrity" name="test_v3_artifacts_exist" time="0.001" /><testcase classname="backend.tests.test_v3_artifact_integrity" name="test_v3_model_sha256_exact" time="0.008" /><testcase classname="backend.tests.test_v3_artifact_integrity" name="test_v3_calibrator_sha256_exact" time="0.004" /><testcase classname="backend.tests.test_v3_artifact_integrity" name="test_v3_feature_schema_count_and_order" time="0.006" /><testcase classname="backend.tests.test_v3_artifact_integrity" name="test_v3_booster_loading_and_contract" time="0.050" /><testcase classname="backend.tests.test_v3_artifact_integrity" name="test_v3_calibrator_loading_and_type" time="0.005" /><testcase classname="backend.tests.test_v3_calibration" name="test_calibrator_deterministic_mapping" time="0.011" /><testcase classname="backend.tests.test_v3_calibration" name="test_calibrator_out_of_bounds_clipping" time="0.004" /><testcase classname="backend.tests.test_v3_calibration" name="test_v3_adapter_raw_and_calibrated_pipeline" time="0.124" /><testcase classname="backend.tests.test_v3_ensemble_contract" name="test_synthetic_31_member_ensemble_dispersion" time="0.008" /><testcase classname="backend.tests.test_v3_ensemble_contract" name="test_v3_pipeline_preserves_real_31_member_count" time="0.013" /><testcase classname="backend.tests.test_v3_ensemble_contract" name="test_v3_asymmetric_ensemble_tail_features" time="0.006" /><testcase classname="backend.tests.test_v3_failure_safety" name="test_missing_model_directory_abtains_safely" time="0.018" /><testcase classname="backend.tests.test_v3_failure_safety" name="test_hash_invalid_model_abtains_safely" time="0.074" /><testcase classname="backend.tests.test_v3_failure_safety" name="test_missing_calibrator_abtains_safely" time="0.023" /><testcase classname="backend.tests.test_v3_failure_safety" name="test_schema_mismatch_26_features_rejected" time="0.039" /><testcase classname="backend.tests.test_v3_failure_safety" name="test_nan_or_inf_in_features_rejected" time="0.054" /><testcase classname="backend.tests.test_v3_failure_safety" name="test_model_integration_service_no_silent_fallback" time="0.057" /><testcase classname="backend.tests.test_v3_feature_contract" name="test_50_features_exact_count_and_order" time="0.015" /><testcase classname="backend.tests.test_v3_feature_contract" name="test_no_spatial_coordinates_in_feature_matrix" time="0.002" /><testcase classname="backend.tests.test_v3_feature_contract" name="test_variable_one_hot_mutually_exclusive" time="0.058" /><testcase classname="backend.tests.test_v3_feature_contract" name="test_temporal_harmonics_deterministic" time="0.024" /><testcase classname="backend.tests.test_v3_feature_contract" name="test_lead_interactions" time="0.009" /><testcase classname="backend.tests.test_v3_feature_contract" name="test_ood_score_pre_inference_and_non_circular" time="0.003" /><testcase classname="backend.tests.test_v3_feature_contract_authority" name="test_gate_g1_release_manifest_validation" time="0.016" /><testcase classname="backend.tests.test_v3_feature_contract_authority" name="test_gate_g1_artifact_checksums_match_authority" time="0.005" /><testcase classname="backend.tests.test_v3_feature_contract_authority" name="test_gate_g1_manifest_cross_consistency" time="0.009" /><testcase classname="backend.tests.test_v3_feature_contract_authority" name="test_gate_g1_artifact_deserialization_and_types" time="0.026" /><testcase classname="backend.tests.test_v3_feature_contract_authority" name="test_gate_g2_feature_names_order_and_booster_parity" time="0.031" /><testcase classname="backend.tests.test_v3_feature_contract_authority" name="test_gate_g2_feature_pipeline_extraction_and_inference_parity" time="0.056" /><testcase classname="backend.tests.test_v3_feature_contract_authority" name="test_gate_g2_adapter_end_to_end_calibrated_inference" time="0.099" /><testcase classname="backend.tests.test_v3_feature_contract_authority" name="test_gate_g3_route_authority_and_threshold_contract" time="0.007" /><testcase classname="backend.tests.test_v3_feature_contract_authority" name="test_gate_g3_safe_abstention_on_missing_or_corrupt_artifacts" time="0.025" /><testcase classname="backend.tests.test_v3_feature_contract_authority" name="test_gate_g1_nine_point_contract_invariants" time="0.061" /><testcase classname="backend.tests.test_v3_reference_parity" name="test_v3_reference_inference_parity" time="0.157" /><testcase classname="backend.tests.test_v3_time_contract" name="test_parse_utc_timestamp_iso_z" time="0.002" /><testcase classname="backend.tests.test_v3_time_contract" name="test_parse_utc_timestamp_naive_defaults_to_utc" time="0.003" /><testcase classname="backend.tests.test_v3_time_contract" name="test_parse_utc_timestamp_offset_converts_to_utc" time="0.003" /><testcase classname="backend.tests.test_v3_time_contract" name="test_derive_and_validate_lead_hours_success" time="0.011" /><testcase classname="backend.tests.test_v3_time_contract" name="test_derive_and_validate_lead_hours_rejects_reversed_time" time="0.003" /><testcase classname="backend.tests.test_v3_time_contract" name="test_derive_and_validate_lead_hours_rejects_zero_lead" time="0.002" /><testcase classname="backend.tests.test_v3_time_contract" name="test_derive_and_validate_lead_hours_rejects_beyond_max" time="0.014" /><testcase classname="backend.tests.test_v3_time_contract" name="test_is_certified_lead_horizon" time="0.011" /><testcase classname="backend.tests.test_v3_unit_contract" name="test_temperature_zero_celsius_to_kelvin" time="0.005" /><testcase classname="backend.tests.test_v3_unit_contract" name="test_temperature_twenty_five_celsius_to_kelvin" time="0.007" /><testcase classname="backend.tests.test_v3_unit_contract" name="test_surface_pressure_hpa_to_pascal" time="0.003" /><testcase classname="backend.tests.test_v3_unit_contract" name="test_wind_speed_ms_unchanged" time="0.003" /><testcase classname="backend.tests.test_v3_unit_contract" name="test_wind_speed_kmh_to_ms" time="0.001" /><testcase classname="backend.tests.test_v3_unit_contract" name="test_derived_features_use_transformed_unit_space" time="0.015" /><testcase classname="backend.tests.test_v3_unit_contract" name="test_pressure_spread_scaled_to_pascal" time="0.014" /><testcase classname="backend.tests.test_vercel_entrypoint" name="test_fastapi_entrypoint_instance" time="0.001" /><testcase classname="backend.tests.test_vercel_entrypoint" name="test_fastapi_authoritative_routes_registered" time="0.001" /><testcase classname="backend.tests.test_vercel_entrypoint" name="test_health_endpoint_response" time="0.023" /><testcase classname="backend.tests.test_vercel_entrypoint" name="test_root_endpoint_browser_vs_api" time="0.025" /><testcase classname="backend.tests.test_vercel_entrypoint" name="test_spa_fallback_preserves_api_404" time="0.025" /><testcase classname="backend.tests.test_vercel_entrypoint" name="test_pyproject_toml_vercel_entrypoint" time="0.021" /><testcase classname="backend.tests.test_vercel_entrypoint" name="test_v3_artifacts_exact_provenance" time="0.016" /><testcase classname="backend.tests.test_vercel_entrypoint" name="test_bundled_libgomp_runtime_presence_and_checksum" time="0.087" /><testcase classname="backend.tests.test_vercel_entrypoint" name="test_runtime_compat_module_execution" time="0.003" /><testcase classname="backend.tests.test_weather_ingestion" name="test_openmeteo_service_coordinate_resolution" time="2.353" /><testcase classname="backend.tests.test_weather_ingestion" name="test_openmeteo_service_query_url_builder" time="0.004" /><testcase classname="backend.tests.test_weather_ingestion" name="test_reference_service_query_url_builder_includes_wind_speed_unit_ms" time="0.004" /><testcase classname="backend.tests.test_weather_ingestion" name="test_openmeteo_wind_speed_canonical_ingestion_preserves_ms_unit_and_value" time="0.002" /><testcase classname="backend.tests.test_weather_ingestion" name="test_temperature_and_other_variables_ingestion_parity" time="0.005" /><testcase classname="backend.tests.test_weather_ingestion" name="test_openmeteo_service_canonical_parsing" time="0.001" /><testcase classname="backend.tests.test_weather_ingestion" name="test_openmeteo_service_get_forecast_offline" time="0.010" /><testcase classname="backend.tests.test_weather_ingestion" name="test_openmeteo_service_unknown_location_fails" time="1.138" /><testcase classname="backend.tests.test_weather_ingestion" name="test_agent_integration_with_real_weather_service" time="0.004" /><testcase classname="backend.tests.test_weather_ingestion" name="test_historical_pathway_error_and_bust_labeling" time="0.003" /><testcase classname="backend.tests.test_weather_ingestion" name="test_historical_pathway_anti_leakage_check" time="0.001" /><testcase classname="backend.tests.test_western_disturbance_contract" name="test_western_disturbance_enums" time="0.001" /><testcase classname="backend.tests.test_western_disturbance_contract" name="test_western_disturbance_issue_features_valid" time="0.001" /><testcase classname="backend.tests.test_western_disturbance_contract" name="test_western_disturbance_issue_features_bounds_validation" time="0.001" /><testcase classname="backend.tests.test_western_disturbance_contract" name="test_western_disturbance_reliability_output_valid" time="0.005" /><testcase classname="backend.tests.test_western_disturbance_contract" name="test_western_disturbance_output_hazard_invariant" time="0.003" /><testcase classname="backend.tests.test_western_disturbance_contract" name="test_load_manifest_and_catalogue" time="0.063" /><testcase classname="backend.tests.test_western_disturbance_targets" name="test_western_disturbance_target_manifest_structure" time="0.002" /><testcase classname="backend.tests.test_western_disturbance_targets" name="test_western_disturbance_target_thresholds" time="0.002" /><testcase classname="backend.tests.test_western_disturbance_targets" name="test_western_disturbance_event_catalogue_integrity" time="0.001" /><testcase classname="backend.tests.test_western_disturbance_targets" name="test_western_disturbance_target_evaluation" time="0.004" /></testsuite></testsuites>